<?xml version="1.0" encoding="UTF-8"?>
<!-- Generated by org.testng.reporters.JUnitXMLReporter -->
<testsuite ignored="0" hostname="Prateek" failures="0" tests="3" name="ModuleOneTest" time="31.037" errors="0" timestamp="2023-05-10T17:11:20 IST">
  <testcase classname="testScripts.LoginPageTest" name="vaildLogin" time="4.652"/>
  <testcase classname="testScripts.LoginPageTest" name="vaildLogin" time="4.423"/>
  <testcase classname="testScripts.LoginPageTest" name="vaildLogin" time="6.515"/>
</testsuite> <!-- ModuleOneTest -->
