<?xml version="1.0" encoding="UTF-8"?>
<!-- Generated by org.testng.reporters.JUnitXMLReporter -->
<testsuite ignored="0" hostname="Prateek" failures="0" tests="4" name="ModuleTwoTest" time="0.052" errors="0" timestamp="2023-05-10T14:55:26 IST">
  <testcase classname="parallelScripts.SampleThreeTest" name="testFour" time="0.011"/>
  <testcase classname="parallelScripts.SampleThreeTest" name="testOne" time="0.001"/>
  <testcase classname="parallelScripts.SampleThreeTest" name="testThree" time="0.001"/>
  <testcase classname="parallelScripts.SampleThreeTest" name="testTwo" time="0.001"/>
</testsuite> <!-- ModuleTwoTest -->
